# JRE version: OpenJDK Runtime Environment (11.0.10) (build 11.0.10+0-b96-7249189)
# Java VM: OpenJDK 64-Bit Server VM (11.0.10+0-b96-7249189, mixed mode, tiered, compressed oops, g1 gc, windows-amd64)
Heap:
 garbage-first heap   total 563200K, used 214442K [0x0000000080000000, 0x0000000100000000)
  region size 1024K, 30 young (30720K), 2 survivors (2048K)
 Metaspace       used 167603K, capacity 174079K, committed 174204K, reserved 1200128K
  class space    used 20653K, capacity 22937K, committed 23040K, reserved 1048576K
GC Heap History (20 events):
Event: 7841.528 GC heap before
{Heap before GC invocations=147 (full 1):
 garbage-first heap   total 563200K, used 236267K [0x0000000080000000, 0x0000000100000000)
  region size 1024K, 24 young (24576K), 2 survivors (2048K)
 Metaspace       used 139575K, capacity 143754K, committed 143868K, reserved 1175552K
  class space    used 16915K, capacity 18451K, committed 18560K, reserved 1048576K
}
Event: 7841.538 GC heap after
{Heap after GC invocations=148 (full 1):
 garbage-first heap   total 563200K, used 214676K [0x0000000080000000, 0x0000000100000000)
  region size 1024K, 2 young (2048K), 2 survivors (2048K)
 Metaspace       used 139575K, capacity 143754K, committed 143868K, reserved 1175552K
  class space    used 16915K, capacity 18451K, committed 18560K, reserved 1048576K
}
Event: 7843.378 GC heap before
{Heap before GC invocations=149 (full 1):
 garbage-first heap   total 563200K, used 336532K [0x0000000080000000, 0x0000000100000000)
  region size 1024K, 201 young (205824K), 2 survivors (2048K)
 Metaspace       used 140591K, capacity 144825K, committed 145020K, reserved 1175552K
  class space    used 17035K, capacity 18613K, committed 18688K, reserved 1048576K
}
Event: 7843.397 GC heap after
{Heap after GC invocations=150 (full 1):
 garbage-first heap   total 563200K, used 138472K [0x0000000080000000, 0x0000000100000000)
  region size 1024K, 11 young (11264K), 11 survivors (11264K)
 Metaspace       used 140591K, capacity 144825K, committed 145020K, reserved 1175552K
  class space    used 17035K, capacity 18613K, committed 18688K, reserved 1048576K
}
Event: 7843.470 GC heap before
{Heap before GC invocations=150 (full 1):
 garbage-first heap   total 563200K, used 154856K [0x0000000080000000, 0x0000000100000000)
  region size 1024K, 27 young (27648K), 11 survivors (11264K)
 Metaspace       used 140602K, capacity 144825K, committed 145020K, reserved 1175552K
  class space    used 17035K, capacity 18613K, committed 18688K, reserved 1048576K
}
Event: 7843.520 GC heap after
{Heap after GC invocations=151 (full 1):
 garbage-first heap   total 563200K, used 129184K [0x0000000080000000, 0x0000000100000000)
  region size 1024K, 2 young (2048K), 2 survivors (2048K)
 Metaspace       used 140602K, capacity 144825K, committed 145020K, reserved 1175552K
  class space    used 17035K, capacity 18613K, committed 18688K, reserved 1048576K
}
Event: 7843.651 GC heap before
{Heap before GC invocations=151 (full 1):
 garbage-first heap   total 563200K, used 148640K [0x0000000080000000, 0x0000000100000000)
  region size 1024K, 23 young (23552K), 2 survivors (2048K)
 Metaspace       used 140631K, capacity 144901K, committed 145020K, reserved 1175552K
  class space    used 17038K, capacity 18618K, committed 18688K, reserved 1048576K
}
Event: 7843.682 GC heap after
{Heap after GC invocations=152 (full 1):
 garbage-first heap   total 563200K, used 134015K [0x0000000080000000, 0x0000000100000000)
  region size 1024K, 8 young (8192K), 8 survivors (8192K)
 Metaspace       used 140631K, capacity 144901K, committed 145020K, reserved 1175552K
  class space    used 17038K, capacity 18618K, committed 18688K, reserved 1048576K
}
Event: 8673.746 GC heap before
{Heap before GC invocations=153 (full 1):
 garbage-first heap   total 563200K, used 445342K [0x0000000080000000, 0x0000000100000000)
  region size 1024K, 259 young (265216K), 8 survivors (8192K)
 Metaspace       used 152037K, capacity 156964K, committed 157052K, reserved 1185792K
  class space    used 18626K, capacity 20406K, committed 20480K, reserved 1048576K
}
Event: 8673.847 GC heap after
{Heap after GC invocations=154 (full 1):
 garbage-first heap   total 563200K, used 162453K [0x0000000080000000, 0x0000000100000000)
  region size 1024K, 19 young (19456K), 19 survivors (19456K)
 Metaspace       used 152037K, capacity 156964K, committed 157052K, reserved 1185792K
  class space    used 18626K, capacity 20406K, committed 20480K, reserved 1048576K
}
Event: 8674.069 GC heap before
{Heap before GC invocations=154 (full 1):
 garbage-first heap   total 563200K, used 170645K [0x0000000080000000, 0x0000000100000000)
  region size 1024K, 27 young (27648K), 19 survivors (19456K)
 Metaspace       used 153290K, capacity 158268K, committed 158332K, reserved 1187840K
  class space    used 18698K, capacity 20477K, committed 20480K, reserved 1048576K
}
Event: 8674.127 GC heap after
{Heap after GC invocations=155 (full 1):
 garbage-first heap   total 563200K, used 162684K [0x0000000080000000, 0x0000000100000000)
  region size 1024K, 2 young (2048K), 2 survivors (2048K)
 Metaspace       used 153290K, capacity 158268K, committed 158332K, reserved 1187840K
  class space    used 18698K, capacity 20477K, committed 20480K, reserved 1048576K
}
Event: 8882.858 GC heap before
{Heap before GC invocations=155 (full 1):
 garbage-first heap   total 563200K, used 387964K [0x0000000080000000, 0x0000000100000000)
  region size 1024K, 223 young (228352K), 2 survivors (2048K)
 Metaspace       used 164609K, capacity 170687K, committed 170876K, reserved 1198080K
  class space    used 20292K, capacity 22473K, committed 22528K, reserved 1048576K
}
Event: 8882.913 GC heap after
{Heap after GC invocations=156 (full 1):
 garbage-first heap   total 563200K, used 177020K [0x0000000080000000, 0x0000000100000000)
  region size 1024K, 16 young (16384K), 16 survivors (16384K)
 Metaspace       used 164609K, capacity 170687K, committed 170876K, reserved 1198080K
  class space    used 20292K, capacity 22473K, committed 22528K, reserved 1048576K
}
Event: 11475.460 GC heap before
{Heap before GC invocations=157 (full 1):
 garbage-first heap   total 563200K, used 412540K [0x0000000080000000, 0x0000000100000000)
  region size 1024K, 255 young (261120K), 16 survivors (16384K)
 Metaspace       used 167565K, capacity 173991K, committed 174204K, reserved 1200128K
  class space    used 20652K, capacity 22934K, committed 23040K, reserved 1048576K
}
Event: 11475.498 GC heap after
{Heap after GC invocations=158 (full 1):
 garbage-first heap   total 563200K, used 172412K [0x0000000080000000, 0x0000000100000000)
  region size 1024K, 20 young (20480K), 20 survivors (20480K)
 Metaspace       used 167565K, capacity 173991K, committed 174204K, reserved 1200128K
  class space    used 20652K, capacity 22934K, committed 23040K, reserved 1048576K
}
Event: 11475.563 GC heap before
{Heap before GC invocations=158 (full 1):
 garbage-first heap   total 563200K, used 178556K [0x0000000080000000, 0x0000000100000000)
  region size 1024K, 27 young (27648K), 20 survivors (20480K)
 Metaspace       used 167569K, capacity 174055K, committed 174204K, reserved 1200128K
  class space    used 20652K, capacity 22934K, committed 23040K, reserved 1048576K
}
Event: 11475.644 GC heap after
{Heap after GC invocations=159 (full 1):
 garbage-first heap   total 563200K, used 164049K [0x0000000080000000, 0x0000000100000000)
  region size 1024K, 2 young (2048K), 2 survivors (2048K)
 Metaspace       used 167569K, capacity 174055K, committed 174204K, reserved 1200128K
  class space    used 20652K, capacity 22934K, committed 23040K, reserved 1048576K
}
Event: 11475.769 GC heap before
{Heap before GC invocations=159 (full 1):
 garbage-first heap   total 563200K, used 176337K [0x0000000080000000, 0x0000000100000000)
  region size 1024K, 16 young (16384K), 2 survivors (2048K)
 Metaspace       used 167595K, capacity 174078K, committed 174204K, reserved 1200128K
  class space    used 20653K, capacity 22937K, committed 23040K, reserved 1048576K
}
Event: 11475.781 GC heap after
{Heap after GC invocations=160 (full 1):
 garbage-first heap   total 563200K, used 163242K [0x0000000080000000, 0x0000000100000000)
  region size 1024K, 2 young (2048K), 2 survivors (2048K)
 Metaspace       used 167595K, capacity 174078K, committed 174204K, reserved 1200128K
  class space    used 20653K, capacity 22937K, committed 23040K, reserved 1048576K
}

